2022-10-20 11:19:44.328  INFO 10372 --- [restartedMain] b.c.i.o.OxefoodMarialimaApplication      : Starting OxefoodMarialimaApplication using Java 17.0.4 on LAB-04 with PID 10372 (/home/aluno/Documentos/web4-MariaLima/oxefood_marialima/target/classes started by aluno in /home/aluno/Documentos/web4-MariaLima/oxefood_marialima)
2022-10-20 11:19:44.331  INFO 10372 --- [restartedMain] b.c.i.o.OxefoodMarialimaApplication      : No active profile set, falling back to 1 default profile: "default"
2022-10-20 11:19:45.559  INFO 10372 --- [restartedMain] .e.DevToolsPropertyDefaultsPostProcessor : Devtools property defaults active! Set 'spring.devtools.add-properties' to 'false' to disable
2022-10-20 11:19:45.561  INFO 10372 --- [restartedMain] .e.DevToolsPropertyDefaultsPostProcessor : For additional web related logging consider setting the 'logging.level.web' property to 'DEBUG'
2022-10-20 11:19:55.850  INFO 10372 --- [restartedMain] .s.d.r.c.RepositoryConfigurationDelegate : Bootstrapping Spring Data JPA repositories in DEFAULT mode.
2022-10-20 11:19:56.191  INFO 10372 --- [restartedMain] .s.d.r.c.RepositoryConfigurationDelegate : Finished Spring Data repository scanning in 270 ms. Found 2 JPA repository interfaces.
2022-10-20 11:20:00.371  INFO 10372 --- [restartedMain] o.s.b.w.embedded.tomcat.TomcatWebServer  : Tomcat initialized with port(s): 8082 (http)
2022-10-20 11:20:00.408  INFO 10372 --- [restartedMain] o.apache.catalina.core.StandardService   : Starting service [Tomcat]
2022-10-20 11:20:00.409  INFO 10372 --- [restartedMain] org.apache.catalina.core.StandardEngine  : Starting Servlet engine: [Apache Tomcat/9.0.65]
2022-10-20 11:20:00.953  INFO 10372 --- [restartedMain] o.a.c.c.C.[Tomcat].[localhost].[/]       : Initializing Spring embedded WebApplicationContext
2022-10-20 11:20:00.954  INFO 10372 --- [restartedMain] w.s.c.ServletWebServerApplicationContext : Root WebApplicationContext: initialization completed in 15391 ms
2022-10-20 11:20:01.174  INFO 10372 --- [restartedMain] com.zaxxer.hikari.HikariDataSource       : HikariPool-1 - Starting...
2022-10-20 11:20:05.334  INFO 10372 --- [restartedMain] com.zaxxer.hikari.HikariDataSource       : HikariPool-1 - Start completed.
2022-10-20 11:20:05.350  INFO 10372 --- [restartedMain] o.s.b.a.h2.H2ConsoleAutoConfiguration    : H2 console available at '/h2-console'. Database available at 'jdbc:postgresql://localhost:5433/oxefood'
2022-10-20 11:20:06.759  INFO 10372 --- [restartedMain] o.hibernate.jpa.internal.util.LogHelper  : HHH000204: Processing PersistenceUnitInfo [name: default]
2022-10-20 11:20:10.618  INFO 10372 --- [restartedMain] org.hibernate.Version                    : HHH000412: Hibernate ORM core version 5.6.11.Final
2022-10-20 11:20:14.540  INFO 10372 --- [restartedMain] o.hibernate.annotations.common.Version   : HCANN000001: Hibernate Commons Annotations {5.1.2.Final}
2022-10-20 11:20:16.201  INFO 10372 --- [restartedMain] org.hibernate.dialect.Dialect            : HHH000400: Using dialect: org.hibernate.dialect.PostgreSQLDialect
2022-10-20 11:20:26.504  INFO 10372 --- [restartedMain] o.h.e.t.j.p.i.JtaPlatformInitiator       : HHH000490: Using JtaPlatform implementation: [org.hibernate.engine.transaction.jta.platform.internal.NoJtaPlatform]
2022-10-20 11:20:26.511  INFO 10372 --- [restartedMain] j.LocalContainerEntityManagerFactoryBean : Initialized JPA EntityManagerFactory for persistence unit 'default'
2022-10-20 11:20:28.454  WARN 10372 --- [restartedMain] JpaBaseConfiguration$JpaWebConfiguration : spring.jpa.open-in-view is enabled by default. Therefore, database queries may be performed during view rendering. Explicitly configure spring.jpa.open-in-view to disable this warning
2022-10-20 11:20:32.113  INFO 10372 --- [restartedMain] o.s.b.d.a.OptionalLiveReloadServer       : LiveReload server is running on port 35729
2022-10-20 11:20:32.223  INFO 10372 --- [restartedMain] o.s.b.w.embedded.tomcat.TomcatWebServer  : Tomcat started on port(s): 8082 (http) with context path ''
2022-10-20 11:20:32.237  INFO 10372 --- [restartedMain] b.c.i.o.OxefoodMarialimaApplication      : Started OxefoodMarialimaApplication in 51.858 seconds (JVM running for 56.413)
2022-10-20 11:35:55.294  WARN 10372 --- [HikariPool-1 housekeeper] com.zaxxer.hikari.pool.HikariPool        : HikariPool-1 - Thread starvation or clock leap detected (housekeeper delta=48s114ms875µs892ns).
